This is pdfTeX, Version 3.141592653-2.6-1.40.24 (TeX Live 2022) (preloaded format=pdflatex 2022.10.11)  29 OCT 2022 12:25
entering extended mode
 restricted \write18 enabled.
 file:line:error style messages enabled.
 %&-line parsing enabled.
**/home/pecneb/gitclones/mosze-semester-project-foobar_reloaded/documentation/latex/refman.tex
(/home/pecneb/gitclones/mosze-semester-project-foobar_reloaded/documentation/latex/refman.tex
LaTeX2e <2022-06-01> patch level 5
L3 programming layer <2022-09-28> (/usr/local/texlive/2022/texmf-dist/tex/latex/base/book.cls
Document Class: book 2021/10/04 v1.4n Standard LaTeX document class
(/usr/local/texlive/2022/texmf-dist/tex/latex/base/bk10.clo
File: bk10.clo 2021/10/04 v1.4n Standard LaTeX file (size option)
)
\c@part=\count185
\c@chapter=\count186
\c@section=\count187
\c@subsection=\count188
\c@subsubsection=\count189
\c@paragraph=\count190
\c@subparagraph=\count191
\c@figure=\count192
\c@table=\count193
\abovecaptionskip=\skip47
\belowcaptionskip=\skip48
\bibindent=\dimen138
) (/usr/local/texlive/2022/texmf-dist/tex/latex/base/ifthen.sty
Package: ifthen 2022/04/13 v1.1d Standard LaTeX ifthen package (DPC)
) (/usr/local/texlive/2022/texmf-dist/tex/latex/tools/array.sty
Rollback for package 'array' requested -> date 2016-10-06.
         Best approximation is the release introduced on 2016-10-06.
 (/usr/local/texlive/2022/texmf-dist/tex/latex/tools/array-2016-10-06.sty
Package: array 2016/10/06 v2.4d Tabular extension package (FMi)
\col@sep=\dimen139
\extrarowheight=\dimen140
\NC@list=\toks16
\extratabsurround=\skip49
\backup@length=\skip50
)) (/usr/local/texlive/2022/texmf-dist/tex/latex/base/fixltx2e.sty
Package: fixltx2e 2016/12/29 v2.1a fixes to LaTeX (obsolete)
Applying: [2015/01/01] Old fixltx2e package on input line 46.


Package fixltx2e Warning: fixltx2e is not required with releases after 2015
(fixltx2e)                All fixes are now in the LaTeX kernel.
(fixltx2e)                See the latexrelease package for details.

Already applied: [0000/00/00] Old fixltx2e package on input line 53.
) (./doxygen.sty
Package: doxygen 
 (/usr/local/texlive/2022/texmf-dist/tex/latex/base/alltt.sty
Package: alltt 2021/01/29 v2.0g defines alltt environment
) (/usr/local/texlive/2022/texmf-dist/tex/latex/tools/calc.sty
Package: calc 2017/05/25 v4.3 Infix arithmetic (KKT,FJ)
\calc@Acount=\count194
\calc@Bcount=\count195
\calc@Adimen=\dimen141
\calc@Bdimen=\dimen142
\calc@Askip=\skip51
\calc@Bskip=\skip52
LaTeX Info: Redefining \setlength on input line 80.
LaTeX Info: Redefining \addtolength on input line 81.
\calc@Ccount=\count196
\calc@Cskip=\skip53
) (/usr/local/texlive/2022/texmf-dist/tex/latex/float/float.sty
Package: float 2001/11/08 v1.3d Float enhancements (AL)
\c@float@type=\count197
\float@exts=\toks17
\float@box=\box51
\@float@everytoks=\toks18
\@floatcapt=\box52
) (/usr/local/texlive/2022/texmf-dist/tex/latex/tools/verbatim.sty
Package: verbatim 2020-07-07 v1.5u LaTeX2e package for verbatim enhancements
\every@verbatim=\toks19
\verbatim@line=\toks20
\verbatim@in@stream=\read2
) (/usr/local/texlive/2022/texmf-dist/tex/latex/xcolor/xcolor.sty
Package: xcolor 2022/06/12 v2.14 LaTeX color extensions (UK)
 (/usr/local/texlive/2022/texmf-dist/tex/latex/graphics-cfg/color.cfg
File: color.cfg 2016/01/02 v1.6 sample color configuration
)
Package xcolor Info: Driver file: pdftex.def on input line 227.
 (/usr/local/texlive/2022/texmf-dist/tex/latex/graphics-def/pdftex.def
File: pdftex.def 2022/09/22 v1.2b Graphics/color driver for pdftex
\stockwidth=\dimen143
\stockheight=\dimen144
) (/usr/local/texlive/2022/texmf-dist/tex/latex/colortbl/colortbl.sty
Package: colortbl 2022/06/20 v1.0f Color table columns (DPC)
\everycr=\toks21
\minrowclearance=\skip54
\rownum=\count198
) (/usr/local/texlive/2022/texmf-dist/tex/latex/graphics/mathcolor.ltx)
Package xcolor Info: Model `cmy' substituted by `cmy0' on input line 1353.
Package xcolor Info: Model `hsb' substituted by `rgb' on input line 1357.
Package xcolor Info: Model `RGB' extended on input line 1369.
Package xcolor Info: Model `HTML' substituted by `rgb' on input line 1371.
Package xcolor Info: Model `Hsb' substituted by `hsb' on input line 1372.
Package xcolor Info: Model `tHsb' substituted by `hsb' on input line 1373.
Package xcolor Info: Model `HSB' substituted by `hsb' on input line 1374.
Package xcolor Info: Model `Gray' substituted by `gray' on input line 1375.
Package xcolor Info: Model `wave' substituted by `hsb' on input line 1376.
) (./longtable_doxygen.sty
Package: longtable_doxygen 2014/10/28 v4.11 Multi-page Table package (DPC) - frozen version for doxygen
\LTleft=\skip55
\LTright=\skip56
\LTpre=\skip57
\LTpost=\skip58
\LTchunksize=\count199
\LTcapwidth=\dimen145
\LT@head=\box53
\LT@firsthead=\box54
\LT@foot=\box55
\LT@lastfoot=\box56
\LT@cols=\count266
\LT@rows=\count267
\c@LT@tables=\count268
\c@LT@chunks=\count269
\LT@p@ftn=\toks22
) (./tabu_doxygen.sty
Package: tabu_doxygen 2011/02/26 v2.8 - flexible LaTeX tabulars (FC), frozen version for doxygen
 (/usr/local/texlive/2022/texmf-dist/tex/latex/varwidth/varwidth.sty
Package: varwidth 2009/03/30 ver 0.92;  Variable-width minipages
\@vwid@box=\box57
\sift@deathcycles=\count270
\@vwid@loff=\dimen146
\@vwid@roff=\dimen147
)
\c@taburow=\count271
\tabu@nbcols=\count272
\tabu@cnt=\count273
\tabu@Xcol=\count274
\tabu@alloc=\count275
\tabu@nested=\count276
\tabu@target=\dimen148
\tabu@spreadtarget=\dimen149
\tabu@naturalX=\dimen150
\tabucolX=\dimen151
\tabu@Xsum=\dimen152
\extrarowdepth=\dimen153
\abovetabulinesep=\dimen154
\belowtabulinesep=\dimen155
\tabustrutrule=\dimen156
\tabu@thebody=\toks23
\tabu@footnotes=\toks24
\tabu@box=\box58
\tabu@arstrutbox=\box59
\tabu@hleads=\box60
\tabu@vleads=\box61
\tabu@cellskip=\skip59
) (/usr/local/texlive/2022/texmf-dist/tex/latex/fancyvrb/fancyvrb.sty
Package: fancyvrb 2022/06/06 4.5 verbatim text (tvz,hv)
 (/usr/local/texlive/2022/texmf-dist/tex/latex/graphics/keyval.sty
Package: keyval 2022/05/29 v1.15 key=value parser (DPC)
\KV@toks@=\toks25
)
\FV@CodeLineNo=\count277
\FV@InFile=\read3
\FV@TabBox=\box62
\c@FancyVerbLine=\count278
\FV@StepNumber=\count279
\FV@OutFile=\write3
) (/usr/local/texlive/2022/texmf-dist/tex/latex/tools/tabularx.sty
Package: tabularx 2020/01/15 v2.11c `tabularx' package (DPC)
\TX@col@width=\dimen157
\TX@old@table=\dimen158
\TX@old@col=\dimen159
\TX@target=\dimen160
\TX@delta=\dimen161
\TX@cols=\count280
\TX@ftn=\toks26
) (/usr/local/texlive/2022/texmf-dist/tex/latex/tools/multicol.sty
Package: multicol 2021/11/30 v1.9d multicolumn formatting (FMi)
\c@tracingmulticols=\count281
\mult@box=\box63
\multicol@leftmargin=\dimen162
\c@unbalance=\count282
\c@collectmore=\count283
\doublecol@number=\count284
\multicoltolerance=\count285
\multicolpretolerance=\count286
\full@width=\dimen163
\page@free=\dimen164
\premulticols=\dimen165
\postmulticols=\dimen166
\multicolsep=\skip60
\multicolbaselineskip=\skip61
\partial@page=\box64
\last@line=\box65
\maxbalancingoverflow=\dimen167
\mult@rightbox=\box66
\mult@grightbox=\box67
\mult@firstbox=\box68
\mult@gfirstbox=\box69
\@tempa=\box70
\@tempa=\box71
\@tempa=\box72
\@tempa=\box73
\@tempa=\box74
\@tempa=\box75
\@tempa=\box76
\@tempa=\box77
\@tempa=\box78
\@tempa=\box79
\@tempa=\box80
\@tempa=\box81
\@tempa=\box82
\@tempa=\box83
\@tempa=\box84
\@tempa=\box85
\@tempa=\box86
\@tempa=\box87
\@tempa=\box88
\@tempa=\box89
\@tempa=\box90
\@tempa=\box91
\@tempa=\box92
\@tempa=\box93
\@tempa=\box94
\@tempa=\box95
\@tempa=\box96
\@tempa=\box97
\@tempa=\box98
\@tempa=\box99
\@tempa=\box100
\@tempa=\box101
\@tempa=\box102
\@tempa=\box103
\@tempa=\box104
\@tempa=\box105
\c@minrows=\count287
\c@columnbadness=\count288
\c@finalcolumnbadness=\count289
\last@try=\dimen168
\multicolovershoot=\dimen169
\multicolundershoot=\dimen170
\mult@nat@firstbox=\box106
\colbreak@box=\box107
\mc@col@check@num=\count290
) (/usr/local/texlive/2022/texmf-dist/tex/latex/multirow/multirow.sty
Package: multirow 2021/03/15 v2.8 Span multiple rows of a table
\multirow@colwidth=\skip62
\multirow@cntb=\count291
\multirow@dima=\skip63
\bigstrutjot=\dimen171
) (/usr/local/texlive/2022/texmf-dist/tex/latex/hanging/hanging.sty
Package: hanging 2009/09/02 v1.2b hanging paragraphs and punctuation
\h@ngcommawd=\skip64
\h@ngfstopwd=\skip65
\h@ngquotewd=\skip66
\h@ngdquotewd=\skip67
\h@ngquerywd=\skip68
\h@ngexclwd=\skip69
\h@ngcolonwd=\skip70
\h@ngscolonwd=\skip71
) (/usr/local/texlive/2022/texmf-dist/tex/generic/iftex/ifpdf.sty
Package: ifpdf 2019/10/25 v3.4 ifpdf legacy package. Use iftex instead.
 (/usr/local/texlive/2022/texmf-dist/tex/generic/iftex/iftex.sty
Package: iftex 2022/02/03 v1.0f TeX engine tests
)) (/usr/local/texlive/2022/texmf-dist/tex/latex/adjustbox/adjustbox.sty
Package: adjustbox 2020/08/19 v1.3 Adjusting TeX boxes (trim, clip, ...)
 (/usr/local/texlive/2022/texmf-dist/tex/latex/xkeyval/xkeyval.sty
Package: xkeyval 2022/06/16 v2.9 package option processing (HA)
 (/usr/local/texlive/2022/texmf-dist/tex/generic/xkeyval/xkeyval.tex (/usr/local/texlive/2022/texmf-dist/tex/generic/xkeyval/xkvutils.tex
\XKV@toks=\toks27
\XKV@tempa@toks=\toks28
)
\XKV@depth=\count292
File: xkeyval.tex 2014/12/03 v2.7a key=value parser (HA)
)) (/usr/local/texlive/2022/texmf-dist/tex/latex/adjustbox/adjcalc.sty
Package: adjcalc 2012/05/16 v1.1 Provides advanced setlength with multiple back-ends (calc, etex, pgfmath)
) (/usr/local/texlive/2022/texmf-dist/tex/latex/adjustbox/trimclip.sty
Package: trimclip 2020/08/19 v1.2 Trim and clip general TeX material
 (/usr/local/texlive/2022/texmf-dist/tex/latex/graphics/graphicx.sty
Package: graphicx 2021/09/16 v1.2d Enhanced LaTeX Graphics (DPC,SPQR)
 (/usr/local/texlive/2022/texmf-dist/tex/latex/graphics/graphics.sty
Package: graphics 2022/03/10 v1.4e Standard LaTeX Graphics (DPC,SPQR)
 (/usr/local/texlive/2022/texmf-dist/tex/latex/graphics/trig.sty
Package: trig 2021/08/11 v1.11 sin cos tan (DPC)
) (/usr/local/texlive/2022/texmf-dist/tex/latex/graphics-cfg/graphics.cfg
File: graphics.cfg 2016/06/04 v1.11 sample graphics configuration
)
Package graphics Info: Driver file: pdftex.def on input line 107.
)
\Gin@req@height=\dimen172
\Gin@req@width=\dimen173
) (/usr/local/texlive/2022/texmf-dist/tex/latex/collectbox/collectbox.sty
Package: collectbox 2012/05/17 v0.4b Collect macro arguments as boxes
\collectedbox=\box108
)
\tc@llx=\dimen174
\tc@lly=\dimen175
\tc@urx=\dimen176
\tc@ury=\dimen177
Package trimclip Info: Using driver 'tc-pdftex.def'.
 (/usr/local/texlive/2022/texmf-dist/tex/latex/adjustbox/tc-pdftex.def
File: tc-pdftex.def 2019/01/04 v2.2 Clipping driver for pdftex
))
\adjbox@Width=\dimen178
\adjbox@Height=\dimen179
\adjbox@Depth=\dimen180
\adjbox@Totalheight=\dimen181
\adjbox@pwidth=\dimen182
\adjbox@pheight=\dimen183
\adjbox@pdepth=\dimen184
\adjbox@ptotalheight=\dimen185
 (/usr/local/texlive/2022/texmf-dist/tex/latex/ifoddpage/ifoddpage.sty
Package: ifoddpage 2016/04/23 v1.1 Conditionals for odd/even page detection
\c@checkoddpage=\count293
)) (/usr/local/texlive/2022/texmf-dist/tex/latex/amsfonts/amssymb.sty
Package: amssymb 2013/01/14 v3.01 AMS font symbols
 (/usr/local/texlive/2022/texmf-dist/tex/latex/amsfonts/amsfonts.sty
Package: amsfonts 2013/01/14 v3.01 Basic AMSFonts support
\@emptytoks=\toks29
\symAMSa=\mathgroup4
\symAMSb=\mathgroup5
LaTeX Font Info:    Redeclaring math symbol \hbar on input line 98.
LaTeX Font Info:    Overwriting math alphabet `\mathfrak' in version `bold'
(Font)                  U/euf/m/n --> U/euf/b/n on input line 106.
)) (/usr/local/texlive/2022/texmf-dist/tex/latex/stackengine/stackengine.sty
Package: stackengine 2021/07/22 v4.11\ Stacking text and objects in convenient ways
 (/usr/local/texlive/2022/texmf-dist/tex/latex/etoolbox/etoolbox.sty
Package: etoolbox 2020/10/05 v2.5k e-TeX tools for LaTeX (JAW)
\etb@tempcnta=\count294
) (/usr/local/texlive/2022/texmf-dist/tex/generic/listofitems/listofitems.sty (/usr/local/texlive/2022/texmf-dist/tex/generic/listofitems/listofitems.tex
\loi_cnt_foreach_nest=\count295
\loi_nestcnt=\count296
)
Package: listofitems 2019/08/21 v1.63 Grab items in lists using user-specified sep char (CT)
)
\c@@stackindex=\count297
\@boxshift=\skip72
\stack@tmplength=\skip73
\temp@stkl=\skip74
\@stackedboxwidth=\skip75
\@addedbox=\box109
\@anchorbox=\box110
\@insetbox=\box111
\se@backgroundbox=\box112
\stackedbox=\box113
\@centerbox=\box114
\c@ROWcellindex@=\count298
) (/usr/local/texlive/2022/texmf-dist/tex/latex/enumitem/enumitem.sty
Package: enumitem 2019/06/20 v3.9 Customized lists
\labelindent=\skip76
\enit@outerparindent=\dimen186
\enit@toks=\toks30
\enit@inbox=\box115
\enit@count@id=\count299
\enitdp@description=\count300
) (/usr/local/texlive/2022/texmf-dist/tex/generic/alphalph/alphalph.sty
Package: alphalph 2019/12/09 v2.6 Convert numbers to letters (HO)
 (/usr/local/texlive/2022/texmf-dist/tex/generic/infwarerr/infwarerr.sty
Package: infwarerr 2019/12/03 v1.5 Providing info/warning/error messages (HO)
) (/usr/local/texlive/2022/texmf-dist/tex/generic/intcalc/intcalc.sty
Package: intcalc 2019/12/15 v1.3 Expandable calculations with integers (HO)
)) (/usr/local/texlive/2022/texmf-dist/tex/generic/ulem/ulem.sty
\UL@box=\box116
\UL@hyphenbox=\box117
\UL@skip=\skip77
\UL@hook=\toks31
\UL@height=\dimen187
\UL@pe=\count301
\UL@pixel=\dimen188
\ULC@box=\box118
Package: ulem 2019/11/18
\ULdepth=\dimen189
)
\xrefbox=\box119
\xreflength=\skip78
\CodeWidthChar=\skip79
\CodeHeightChar=\skip80
\DoxyCodeWidth=\skip81
\c@DoxyEnumeratei=\count302
\c@DoxyEnumerateii=\count303
\c@DoxyEnumerateiii=\count304
\c@DoxyEnumerateiv=\count305
\c@DoxyEnumeratev=\count306
\c@DoxyEnumeratevi=\count307
\c@DoxyEnumeratevii=\count308
\c@DoxyEnumerateviii=\count309
\c@DoxyEnumerateix=\count310
\c@DoxyEnumeratex=\count311
\c@DoxyEnumeratexi=\count312
\c@DoxyEnumeratexii=\count313
\enitdp@DoxyEnumerate=\count314
\enitdp@DoxyItemize=\count315
) (/usr/local/texlive/2022/texmf-dist/tex/latex/base/inputenc.sty
Package: inputenc 2021/02/14 v1.3d Input encoding file
\inpenc@prehook=\toks32
\inpenc@posthook=\toks33
) (/usr/local/texlive/2022/texmf-dist/tex/latex/base/makeidx.sty
Package: makeidx 2021/10/04 v1.0m Standard LaTeX package
) (/usr/local/texlive/2022/texmf-dist/tex/latex/base/textcomp.sty
Package: textcomp 2020/02/02 v2.0n Standard LaTeX package
) (/usr/local/texlive/2022/texmf-dist/tex/latex/wasysym/wasysym.sty
Package: wasysym 2020/01/19 v2.4 Wasy-2 symbol support package
\symwasy=\mathgroup6
LaTeX Font Info:    Overwriting symbol font `wasy' in version `bold'
(Font)                  U/wasy/m/n --> U/wasy/b/n on input line 93.
) (/usr/local/texlive/2022/texmf-dist/tex/generic/iftex/ifxetex.sty
Package: ifxetex 2019/10/25 v0.7 ifxetex legacy package. Use iftex instead.
) (/usr/local/texlive/2022/texmf-dist/tex/latex/base/fontenc.sty
Package: fontenc 2021/04/29 v2.0v Standard LaTeX package
) (/usr/local/texlive/2022/texmf-dist/tex/latex/psnfss/helvet.sty
Package: helvet 2020/03/25 PSNFSS-v9.3 (WaS) 
) (/usr/local/texlive/2022/texmf-dist/tex/latex/psnfss/courier.sty
Package: courier 2020/03/25 PSNFSS-v9.3 (WaS) 
) (/usr/local/texlive/2022/texmf-dist/tex/latex/sectsty/sectsty.sty
Package: sectsty 2002/02/25 v2.0.2 Commands to change all sectional heading styles


LaTeX Warning: Command \underbar  has changed.
               Check if current package is valid.


LaTeX Warning: Command \underline  has changed.
               Check if current package is valid.

) (/usr/local/texlive/2022/texmf-dist/tex/latex/geometry/geometry.sty
Package: geometry 2020/01/02 v5.9 Page Geometry
 (/usr/local/texlive/2022/texmf-dist/tex/generic/iftex/ifvtex.sty
Package: ifvtex 2019/10/25 v1.7 ifvtex legacy package. Use iftex instead.
)
\Gm@cnth=\count316
\Gm@cntv=\count317
\c@Gm@tempcnt=\count318
\Gm@bindingoffset=\dimen190
\Gm@wd@mp=\dimen191
\Gm@odd@mp=\dimen192
\Gm@even@mp=\dimen193
\Gm@layoutwidth=\dimen194
\Gm@layoutheight=\dimen195
\Gm@layouthoffset=\dimen196
\Gm@layoutvoffset=\dimen197
\Gm@dimlist=\toks34
) (/usr/local/texlive/2022/texmf-dist/tex/latex/fancyhdr/fancyhdr.sty
Package: fancyhdr 2022/05/18 v4.0.3 Extensive control of page headers and footers
\f@nch@headwidth=\skip82
\f@nch@O@elh=\skip83
\f@nch@O@erh=\skip84
\f@nch@O@olh=\skip85
\f@nch@O@orh=\skip86
\f@nch@O@elf=\skip87
\f@nch@O@erf=\skip88
\f@nch@O@olf=\skip89
\f@nch@O@orf=\skip90
) (/usr/local/texlive/2022/texmf-dist/tex/latex/natbib/natbib.sty
Package: natbib 2010/09/13 8.31b (PWD, AO)
\bibhang=\skip91
\bibsep=\skip92
LaTeX Info: Redefining \cite on input line 694.
\c@NAT@ctr=\count319
) (/usr/local/texlive/2022/texmf-dist/tex/latex/tocloft/tocloft.sty
Package: tocloft 2017/08/31 v2.3i parameterised ToC, etc., typesetting
Package tocloft Info: The document has chapter divisions on input line 51.
\cftparskip=\skip93
\cftbeforetoctitleskip=\skip94
\cftaftertoctitleskip=\skip95
\cftbeforepartskip=\skip96
\cftpartnumwidth=\skip97
\cftpartindent=\skip98
\cftbeforechapskip=\skip99
\cftchapindent=\skip100
\cftchapnumwidth=\skip101
\cftbeforesecskip=\skip102
\cftsecindent=\skip103
\cftsecnumwidth=\skip104
\cftbeforesubsecskip=\skip105
\cftsubsecindent=\skip106
\cftsubsecnumwidth=\skip107
\cftbeforesubsubsecskip=\skip108
\cftsubsubsecindent=\skip109
\cftsubsubsecnumwidth=\skip110
\cftbeforeparaskip=\skip111
\cftparaindent=\skip112
\cftparanumwidth=\skip113
\cftbeforesubparaskip=\skip114
\cftsubparaindent=\skip115
\cftsubparanumwidth=\skip116
\cftbeforeloftitleskip=\skip117
\cftafterloftitleskip=\skip118
\cftbeforefigskip=\skip119
\cftfigindent=\skip120
\cftfignumwidth=\skip121
\c@lofdepth=\count320
\c@lotdepth=\count321
\cftbeforelottitleskip=\skip122
\cftafterlottitleskip=\skip123
\cftbeforetabskip=\skip124
\cfttabindent=\skip125
\cfttabnumwidth=\skip126
)
\@indexfile=\write4
\openout4 = `refman.idx'.


Writing index file refman.idx
(/usr/local/texlive/2022/texmf-dist/tex/latex/newunicodechar/newunicodechar.sty
Package: newunicodechar 2018/04/08 v1.2 Defining Unicode characters
)

Package newunicodechar Warning: Redefining Unicode character on input line 116.


Package newunicodechar Warning: Redefining Unicode character on input line 117.

(/usr/local/texlive/2022/texmf-dist/tex/latex/hyperref/hyperref.sty
Package: hyperref 2022-09-22 v7.00t Hypertext links for LaTeX
 (/usr/local/texlive/2022/texmf-dist/tex/generic/ltxcmds/ltxcmds.sty
Package: ltxcmds 2020-05-10 v1.25 LaTeX kernel commands for general use (HO)
) (/usr/local/texlive/2022/texmf-dist/tex/generic/pdftexcmds/pdftexcmds.sty
Package: pdftexcmds 2020-06-27 v0.33 Utility functions of pdfTeX for LuaTeX (HO)
Package pdftexcmds Info: \pdf@primitive is available.
Package pdftexcmds Info: \pdf@ifprimitive is available.
Package pdftexcmds Info: \pdfdraftmode found.
) (/usr/local/texlive/2022/texmf-dist/tex/latex/kvsetkeys/kvsetkeys.sty
Package: kvsetkeys 2022-10-05 v1.19 Key value parser (HO)
) (/usr/local/texlive/2022/texmf-dist/tex/generic/kvdefinekeys/kvdefinekeys.sty
Package: kvdefinekeys 2019-12-19 v1.6 Define keys (HO)
) (/usr/local/texlive/2022/texmf-dist/tex/generic/pdfescape/pdfescape.sty
Package: pdfescape 2019/12/09 v1.15 Implements pdfTeX's escape features (HO)
) (/usr/local/texlive/2022/texmf-dist/tex/latex/hycolor/hycolor.sty
Package: hycolor 2020-01-27 v1.10 Color options for hyperref/bookmark (HO)
) (/usr/local/texlive/2022/texmf-dist/tex/latex/letltxmacro/letltxmacro.sty
Package: letltxmacro 2019/12/03 v1.6 Let assignment for LaTeX macros (HO)
) (/usr/local/texlive/2022/texmf-dist/tex/latex/auxhook/auxhook.sty
Package: auxhook 2019-12-17 v1.6 Hooks for auxiliary files (HO)
) (/usr/local/texlive/2022/texmf-dist/tex/latex/hyperref/nameref.sty
Package: nameref 2022-05-17 v2.50 Cross-referencing by name of section
 (/usr/local/texlive/2022/texmf-dist/tex/latex/refcount/refcount.sty
Package: refcount 2019/12/15 v3.6 Data extraction from label references (HO)
) (/usr/local/texlive/2022/texmf-dist/tex/generic/gettitlestring/gettitlestring.sty
Package: gettitlestring 2019/12/15 v1.6 Cleanup title references (HO)
 (/usr/local/texlive/2022/texmf-dist/tex/latex/kvoptions/kvoptions.sty
Package: kvoptions 2022-06-15 v3.15 Key value format for package options (HO)
))
\c@section@level=\count322
)
\@linkdim=\dimen198
\Hy@linkcounter=\count323
\Hy@pagecounter=\count324
 (/usr/local/texlive/2022/texmf-dist/tex/latex/hyperref/pd1enc.def
File: pd1enc.def 2022-09-22 v7.00t Hyperref: PDFDocEncoding definition (HO)
Now handling font encoding PD1 ...
... no UTF-8 mapping file for font encoding PD1
) (/usr/local/texlive/2022/texmf-dist/tex/generic/etexcmds/etexcmds.sty
Package: etexcmds 2019/12/15 v1.7 Avoid name clashes with e-TeX commands (HO)
)
\Hy@SavedSpaceFactor=\count325
 (/usr/local/texlive/2022/texmf-dist/tex/latex/hyperref/puenc.def
File: puenc.def 2022-09-22 v7.00t Hyperref: PDF Unicode definition (HO)
Now handling font encoding PU ...
... no UTF-8 mapping file for font encoding PU
)
Package hyperref Info: Hyper figures OFF on input line 4162.
Package hyperref Info: Link nesting OFF on input line 4167.
Package hyperref Info: Hyper index ON on input line 4170.
Package hyperref Info: Plain pages OFF on input line 4177.
Package hyperref Info: Backreferencing ON on input line 4180.
Package hyperref Info: Implicit mode ON; LaTeX internals redefined.
Package hyperref Info: Bookmarks ON on input line 4410.
 (/usr/local/texlive/2022/texmf-dist/tex/latex/hyperref/backref.sty
Package: backref 2021/02/04 v1.41 Bibliographical back referencing
 (/usr/local/texlive/2022/texmf-dist/tex/latex/rerunfilecheck/rerunfilecheck.sty
Package: rerunfilecheck 2022-07-10 v1.10 Rerun checks for auxiliary files (HO)
 (/usr/local/texlive/2022/texmf-dist/tex/latex/base/atveryend-ltx.sty
Package: atveryend-ltx 2020/08/19 v1.0a Emulation of the original atveryend package
with kernel methods
) (/usr/local/texlive/2022/texmf-dist/tex/generic/uniquecounter/uniquecounter.sty
Package: uniquecounter 2019/12/15 v1.4 Provide unlimited unique counter (HO)
 (/usr/local/texlive/2022/texmf-dist/tex/generic/bigintcalc/bigintcalc.sty
Package: bigintcalc 2019/12/15 v1.5 Expandable calculations on big integers (HO)
))
Package uniquecounter Info: New unique counter `rerunfilecheck' on input line 285.
))
\c@Hy@tempcnt=\count326
 (/usr/local/texlive/2022/texmf-dist/tex/latex/url/url.sty
\Urlmuskip=\muskip16
Package: url 2013/09/16  ver 3.4  Verb mode for urls, etc.
)
LaTeX Info: Redefining \url on input line 4748.
\XeTeXLinkMargin=\dimen199
 (/usr/local/texlive/2022/texmf-dist/tex/generic/bitset/bitset.sty
Package: bitset 2019/12/09 v1.3 Handle bit-vector datatype (HO)
)
\Fld@menulength=\count327
\Field@Width=\dimen256
\Fld@charsize=\dimen257
Package hyperref Info: Hyper figures OFF on input line 6027.
Package hyperref Info: Link nesting OFF on input line 6032.
Package hyperref Info: Hyper index ON on input line 6035.
Package hyperref Info: backreferencing ON on input line 6040.
Package hyperref Info: Link coloring OFF on input line 6047.
Package hyperref Info: Link coloring with OCG OFF on input line 6052.
Package hyperref Info: PDF/A mode OFF on input line 6057.
 (/usr/local/texlive/2022/texmf-dist/tex/latex/base/atbegshi-ltx.sty
Package: atbegshi-ltx 2021/01/10 v1.0c Emulation of the original atbegshi
package with kernel methods
)
\Hy@abspage=\count328
\c@Item=\count329
\c@Hfootnote=\count330


LaTeX Warning: Command \LT@p@ftntext  has changed.
               Check if current package is valid.

)
Package hyperref Info: Driver: hpdftex.
 (/usr/local/texlive/2022/texmf-dist/tex/latex/hyperref/hpdftex.def
File: hpdftex.def 2022-09-22 v7.00t Hyperref driver for pdfTeX
\Fld@listcount=\count331
\c@bookmark@seq@number=\count332
\Hy@SectionHShift=\skip127
)
Package hyperref Info: Option `colorlinks' set `true' on input line 136.
Package hyperref Info: Option `unicode' set `true' on input line 136.
 (/usr/local/texlive/2022/texmf-dist/tex/latex/caption/caption.sty
Package: caption 2022/03/01 v3.6b Customizing captions (AR)
 (/usr/local/texlive/2022/texmf-dist/tex/latex/caption/caption3.sty
Package: caption3 2022/03/17 v2.3b caption3 kernel (AR)
\caption@tempdima=\dimen258
\captionmargin=\dimen259
\caption@leftmargin=\dimen260
\caption@rightmargin=\dimen261
\caption@width=\dimen262
\caption@indent=\dimen263
\caption@parindent=\dimen264
\caption@hangindent=\dimen265
Package caption Info: Standard document class detected.
)
\c@caption@flags=\count333
\c@continuedfloat=\count334
Package caption Info: float package is loaded.
Package caption Info: hyperref package is loaded.
Package caption Info: longtable package is loaded.
 (/usr/local/texlive/2022/texmf-dist/tex/latex/caption/ltcaption.sty
Package: ltcaption 2021/01/08 v1.4c longtable captions (AR)
)) (/usr/local/texlive/2022/texmf-dist/tex/latex/etoc/etoc.sty
Package: etoc 2022/08/30 v1.09f Completely customisable TOCs (JFB)
\Etoc@toctoks=\toks35
\c@etoc@tocid=\count335
\c@etoc@tocdepth=\count336
\etoc@framed@titlebox=\box120
\etoc@framed@contentsbox=\box121
)
LaTeX Font Info:    Trying to load font information for T1+phv on input line 152.
 (/usr/local/texlive/2022/texmf-dist/tex/latex/psnfss/t1phv.fd
File: t1phv.fd 2020/03/25 scalable font definitions for T1/phv.
)
LaTeX Font Info:    Font shape `T1/phv/m/n' will be
(Font)              scaled to size 8.99994pt on input line 152.
 (/usr/local/texlive/2022/texmf-dist/tex/latex/l3backend/l3backend-pdftex.def
File: l3backend-pdftex.def 2022-09-28 L3 backend support: PDF output (pdfTeX)
\l__color_backend_stack_int=\count337
\l__pdf_internal_box=\box122
) (./refman.aux)
\openout1 = `refman.aux'.

LaTeX Font Info:    Checking defaults for OML/cmm/m/it on input line 152.
LaTeX Font Info:    ... okay on input line 152.
LaTeX Font Info:    Checking defaults for OMS/cmsy/m/n on input line 152.
LaTeX Font Info:    ... okay on input line 152.
LaTeX Font Info:    Checking defaults for OT1/cmr/m/n on input line 152.
LaTeX Font Info:    ... okay on input line 152.
LaTeX Font Info:    Checking defaults for T1/cmr/m/n on input line 152.
LaTeX Font Info:    ... okay on input line 152.
LaTeX Font Info:    Checking defaults for TS1/cmr/m/n on input line 152.
LaTeX Font Info:    ... okay on input line 152.
LaTeX Font Info:    Checking defaults for OMX/cmex/m/n on input line 152.
LaTeX Font Info:    ... okay on input line 152.
LaTeX Font Info:    Checking defaults for U/cmr/m/n on input line 152.
LaTeX Font Info:    ... okay on input line 152.
LaTeX Font Info:    Checking defaults for PD1/pdf/m/n on input line 152.
LaTeX Font Info:    ... okay on input line 152.
LaTeX Font Info:    Checking defaults for PU/pdf/m/n on input line 152.
LaTeX Font Info:    ... okay on input line 152.
 (/usr/local/texlive/2022/texmf-dist/tex/context/base/mkii/supp-pdf.mkii
[Loading MPS to PDF converter (version 2006.09.02).]
\scratchcounter=\count338
\scratchdimen=\dimen266
\scratchbox=\box123
\nofMPsegments=\count339
\nofMParguments=\count340
\everyMPshowfont=\toks36
\MPscratchCnt=\count341
\MPscratchDim=\dimen267
\MPnumerator=\count342
\makeMPintoPDFobject=\count343
\everyMPtoPDFconversion=\toks37
) (/usr/local/texlive/2022/texmf-dist/tex/latex/epstopdf-pkg/epstopdf-base.sty
Package: epstopdf-base 2020-01-24 v2.11 Base part for package epstopdf
Package epstopdf-base Info: Redefining graphics rule for `.eps' on input line 485.
 (/usr/local/texlive/2022/texmf-dist/tex/latex/latexconfig/epstopdf-sys.cfg
File: epstopdf-sys.cfg 2010/07/13 v1.3 Configuration of (r)epstopdf for TeX Live
))
*geometry* driver: auto-detecting
*geometry* detected driver: pdftex
*geometry* verbose mode - [ preamble ] result:
* driver: pdftex
* paper: a4paper
* layout: <same size as paper>
* layoutoffset:(h,v)=(0.0pt,0.0pt)
* modes: twoside 
* h-part:(L,W,R)=(71.13188pt, 455.24411pt, 71.13188pt)
* v-part:(T,H,B)=(71.13188pt, 702.78308pt, 71.13188pt)
* \paperwidth=597.50787pt
* \paperheight=845.04684pt
* \textwidth=455.24411pt
* \textheight=702.78308pt
* \oddsidemargin=-1.1381pt
* \evensidemargin=-1.1381pt
* \topmargin=-31.2056pt
* \headheight=12.0pt
* \headsep=18.06749pt
* \topskip=10.0pt
* \footskip=25.29494pt
* \marginparwidth=125.0pt
* \marginparsep=7.0pt
* \columnsep=10.0pt
* \skip\footins=9.0pt plus 4.0pt minus 2.0pt
* \hoffset=0.0pt
* \voffset=0.0pt
* \mag=1000
* \@twocolumnfalse
* \@twosidetrue
* \@mparswitchtrue
* \@reversemarginfalse
* (1in=72.27pt=25.4mm, 1cm=28.453pt)

Package backref Info: ** backref set up for natbib ** on input line 152.
Package hyperref Info: Link coloring ON on input line 152.
(./refman.out) (./refman.out)
\@outlinefile=\write5
\openout5 = `refman.out'.

Package caption Info: Begin \AtBeginDocument code.
Package caption Info: End \AtBeginDocument code.
\Etoc@tf=\read4
Package hyperref Info: Option `pageanchor' set `false' on input line 160.
Package hyperref Info: Option `bookmarksnumbered' set `true' on input line 160.
Package hyperref Info: Option `unicode' set `true' on input line 160.
LaTeX Font Info:    Font shape `T1/phv/m/n' will be
(Font)              scaled to size 12.9599pt on input line 165.
LaTeX Font Info:    Font shape `T1/phv/m/n' will be
(Font)              scaled to size 6.29996pt on input line 165.
LaTeX Font Info:    Trying to load font information for U+msa on input line 165.
 (/usr/local/texlive/2022/texmf-dist/tex/latex/amsfonts/umsa.fd
File: umsa.fd 2013/01/14 v3.01 AMS symbols A
)
LaTeX Font Info:    Trying to load font information for U+msb on input line 165.
 (/usr/local/texlive/2022/texmf-dist/tex/latex/amsfonts/umsb.fd
File: umsb.fd 2013/01/14 v3.01 AMS symbols B
)
LaTeX Font Info:    Trying to load font information for U+wasy on input line 165.
 (/usr/local/texlive/2022/texmf-dist/tex/latex/wasysym/uwasy.fd
File: uwasy.fd 2020/01/19 v2.4 Wasy-2 symbol font definitions
)
LaTeX Font Info:    Font shape `T1/phv/m/n' will be
(Font)              scaled to size 10.79993pt on input line 166.
 [1


{/usr/local/texlive/2022/texmf-var/fonts/map/pdftex/updmap/pdftex.map}] [2

]
\tf@toc=\write6
\openout6 = `refman.toc'.

LaTeX Font Info:    Font shape `T1/phv/b/n' will be
(Font)              scaled to size 8.99994pt on input line 174.
LaTeX Font Info:    Font shape `T1/phv/b/n' will be
(Font)              scaled to size 6.29996pt on input line 174.
 [1] [2]
LaTeX Font Info:    Font shape `T1/phv/m/n' will be
(Font)              scaled to size 7.19995pt on input line 174.
LaTeX Font Info:    Trying to load font information for T1+pcr on input line 174.
 (/usr/local/texlive/2022/texmf-dist/tex/latex/psnfss/t1pcr.fd
File: t1pcr.fd 2001/06/04 font definitions for T1/pcr.
) [3] [4] [5] [6] [7] [8]
Package hyperref Info: Option `pageanchor' set `true' on input line 177.

Chapter 1.
LaTeX Font Info:    Font shape `T1/phv/m/n' will be
(Font)              scaled to size 18.66588pt on input line 179.
LaTeX Font Info:    Font shape `T1/phv/b/n' will be
(Font)              scaled to size 18.66588pt on input line 179.
LaTeX Font Info:    Font shape `T1/phv/bc/n' will be
(Font)              scaled to size 18.66588pt on input line 179.
LaTeX Font Info:    Font shape `T1/phv/m/n' will be
(Font)              scaled to size 22.39185pt on input line 179.
LaTeX Font Info:    Font shape `T1/phv/b/n' will be
(Font)              scaled to size 22.39185pt on input line 179.
LaTeX Font Info:    Font shape `T1/phv/bc/n' will be
(Font)              scaled to size 22.39185pt on input line 179.
LaTeX Font Info:    Font shape `T1/phv/bc/n' will be
(Font)              scaled to size 6.29996pt on input line 179.
(./index.tex
LaTeX Font Info:    Font shape `T1/phv/b/n' will be
(Font)              scaled to size 12.9599pt on input line 3.
LaTeX Font Info:    Font shape `T1/phv/b/n' will be
(Font)              scaled to size 10.79993pt on input line 19.
) [1


] [2

]
Chapter 2.
(./hierarchy.tex [3]) [4]
Chapter 3.
(./annotated.tex [5

]) [6]
Chapter 4.
(./files.tex) [7

] [8

]
Chapter 5.
(./classAcceptMission.tex <./classAcceptMission.pdf>
<classAcceptMission.pdf, id=1855, 501.875pt x 389.80632pt>
File: classAcceptMission.pdf Graphic file (type pdf)
<use classAcceptMission.pdf>
Package pdftex.def Info: classAcceptMission.pdf  used on input line 6.
(pdftex.def)             Requested size: 73.26395pt x 56.9055pt.
LaTeX Font Info:    Trying to load font information for TS1+phv on input line 12.
 (/usr/local/texlive/2022/texmf-dist/tex/latex/psnfss/ts1phv.fd
File: ts1phv.fd 2020/03/25 scalable font definitions for TS1/phv.
)
LaTeX Font Info:    Font shape `TS1/phv/m/n' will be
(Font)              scaled to size 8.99994pt on input line 12.
LaTeX Font Info:    Font shape `T1/phv/m/n' will be
(Font)              scaled to size 8.09995pt on input line 13.
LaTeX Font Info:    Font shape `T1/phv/m/it' in size <9> not available
(Font)              Font shape `T1/phv/m/sl' tried instead on input line 13.
LaTeX Font Info:    Font shape `T1/phv/m/sl' will be
(Font)              scaled to size 8.09995pt on input line 13.
LaTeX Font Info:    Font shape `T1/phv/m/it' in size <7> not available
(Font)              Font shape `T1/phv/m/sl' tried instead on input line 17.
LaTeX Font Info:    Font shape `T1/phv/m/sl' will be
(Font)              scaled to size 6.29996pt on input line 17.
LaTeX Font Info:    Font shape `T1/pcr/m/it' in size <8> not available
(Font)              Font shape `T1/pcr/m/sl' tried instead on input line 26.
 [9]) (./classAction.tex <./classAction.pdf>
<classAction.pdf, id=1903, 501.875pt x 77.96126pt>
File: classAction.pdf Graphic file (type pdf)
<use classAction.pdf>
Package pdftex.def Info: classAction.pdf  used on input line 15.
(pdftex.def)             Requested size: 366.32741pt x 56.9055pt.
 [10] [11]
Underfull \hbox (badness 10000) detected at line 83
[][][]
 []

) (./classtinyxml2_1_1DynArray.tex) (./classEntity.tex <./classEntity.pdf>
<classEntity.pdf, id=1947, 501.875pt x 352.1958pt>
File: classEntity.pdf Graphic file (type pdf)
<use classEntity.pdf>
Package pdftex.def Info: classEntity.pdf  used on input line 15.
(pdftex.def)             Requested size: 81.09041pt x 56.9055pt.
 [12]
LaTeX Font Info:    Font shape `TS1/phv/m/it' in size <9> not available
(Font)              Font shape `TS1/phv/m/sl' tried instead on input line 26.
LaTeX Font Info:    Font shape `TS1/phv/m/sl' will be
(Font)              scaled to size 8.09995pt on input line 26.
 [13]
Underfull \hbox (badness 10000) detected at line 93
[][][]
 []


Underfull \hbox (badness 10000) detected at line 111
[][][]
 []

[14]
Underfull \hbox (badness 10000) detected at line 124
[][][]
 []


Underfull \hbox (badness 10000) detected at line 137
[][][]
 []

) (./structtinyxml2_1_1Entity.tex) (./classInteract.tex <./classInteract.pdf>
<classInteract.pdf, id=2022, 501.875pt x 647.57933pt>
File: classInteract.pdf Graphic file (type pdf)
<use classInteract.pdf>
Package pdftex.def Info: classInteract.pdf  used on input line 15.
(pdftex.def)             Requested size: 44.09468pt x 56.9055pt.
 [15] [16]) (./classKey.tex <./classKey.pdf>
<classKey.pdf, id=2068, 501.875pt x 704.38156pt>
File: classKey.pdf Graphic file (type pdf)
<use classKey.pdf>
Package pdftex.def Info: classKey.pdf  used on input line 15.
(pdftex.def)             Requested size: 40.54137pt x 56.9055pt.
 [17]
Underfull \hbox (badness 10000) detected at line 67
[][][]
 []

) (./classtinyxml2_1_1MemPool.tex <./classtinyxml2_1_1MemPool.pdf>
<classtinyxml2_1_1MemPool.pdf, id=2086, 501.875pt x 24.7826pt>
File: classtinyxml2_1_1MemPool.pdf Graphic file (type pdf)
<use classtinyxml2_1_1MemPool.pdf>
Package pdftex.def Info: classtinyxml2_1_1MemPool.pdf  used on input line 6.
(pdftex.def)             Requested size: 398.37608pt x 19.6711pt.
 [18]) (./classtinyxml2_1_1MemPoolT.tex <./classtinyxml2_1_1MemPoolT.pdf>
<classtinyxml2_1_1MemPoolT.pdf, id=2100, 501.875pt x 184.1781pt>
File: classtinyxml2_1_1MemPoolT.pdf Graphic file (type pdf)
<use classtinyxml2_1_1MemPoolT.pdf>
Package pdftex.def Info: classtinyxml2_1_1MemPoolT.pdf  used on input line 6.
(pdftex.def)             Requested size: 155.05888pt x 56.9055pt.
 [19]) (./classMission.tex [20] [21]
Underfull \hbox (badness 10000) detected at line 70
[][][]
 []


Underfull \hbox (badness 10000) detected at line 85
[][][]
 []


Underfull \hbox (badness 10000) detected at line 98
[][][]
 []

LaTeX Font Info:    Font shape `T1/pcr/m/it' in size <7> not available
(Font)              Font shape `T1/pcr/m/sl' tried instead on input line 105.
[22]
Underfull \hbox (badness 10000) detected at line 116
[][][]
 []


Underfull \hbox (badness 10000) detected at line 134
[][][]
 []


Underfull \hbox (badness 10000) detected at line 147
[][][]
 []

) (./classMove.tex <./classMove.pdf>
<classMove.pdf, id=2193, 501.875pt x 716.96857pt>
File: classMove.pdf Graphic file (type pdf)
<use classMove.pdf>
Package pdftex.def Info: classMove.pdf  used on input line 15.
(pdftex.def)             Requested size: 39.82918pt x 56.9055pt.
 [23] [24]) (./classNPC.tex <./classNPC.pdf>
<classNPC.pdf, id=2229, 501.875pt x 787.25116pt>
File: classNPC.pdf Graphic file (type pdf)
<use classNPC.pdf>
Package pdftex.def Info: classNPC.pdf  used on input line 6.
(pdftex.def)             Requested size: 36.27588pt x 56.9055pt.
 [25]) (./classObject.tex <./classObject.pdf>
<classObject.pdf, id=2252, 501.875pt x 704.38156pt>
File: classObject.pdf Graphic file (type pdf)
<use classObject.pdf>
Package pdftex.def Info: classObject.pdf  used on input line 15.
(pdftex.def)             Requested size: 40.54137pt x 56.9055pt.
 [26]
Underfull \hbox (badness 10000) detected at line 69
[][][]
 []


Underfull \hbox (badness 10000) detected at line 82
[][][]
 []


Underfull \hbox (badness 10000) detected at line 95
[][][]
 []

[27]) (./classPickUp.tex <./classPickUp.pdf>
<classPickUp.pdf, id=2287, 501.875pt x 680.51236pt>
File: classPickUp.pdf Graphic file (type pdf)
<use classPickUp.pdf>
Package pdftex.def Info: classPickUp.pdf  used on input line 15.
(pdftex.def)             Requested size: 41.96576pt x 56.9055pt.
 [28]) (./classPlayer.tex <./classPlayer.pdf>
<classPlayer.pdf, id=2316, 501.875pt x 704.38156pt>
File: classPlayer.pdf Graphic file (type pdf)
<use classPlayer.pdf>
Package pdftex.def Info: classPlayer.pdf  used on input line 6.
(pdftex.def)             Requested size: 40.54137pt x 56.9055pt.
 [29]
LaTeX Font Info:    Font shape `T1/phv/b/n' will be
(Font)              scaled to size 7.19995pt on input line 27.
 [30]
Underfull \hbox (badness 10000) detected at line 64
[][][]
 []


Underfull \hbox (badness 10000) detected at line 82
[][][]
 []

) (./classRoom.tex [31]
Overfull \vbox (36.65765pt too high) has occurred while \output is active []

 [32]
Underfull \hbox (badness 10000) detected at line 130
[][][]
 []

[33]
Underfull \hbox (badness 10000) detected at line 148
[][][]
 []


Underfull \hbox (badness 10000) detected at line 166
[][][]
 []


Underfull \hbox (badness 10000) detected at line 184
[][][]
 []

[34]
Underfull \hbox (badness 10000) detected at line 202
[][][]
 []


Underfull \hbox (badness 10000) detected at line 220
[][][]
 []


Underfull \hbox (badness 10000) detected at line 233
[][][]
 []

[35]
Underfull \hbox (badness 10000) detected at line 246
[][][]
 []


Underfull \hbox (badness 10000) detected at line 259
[][][]
 []


Underfull \hbox (badness 10000) detected at line 272
[][][]
 []


Underfull \hbox (badness 10000) detected at line 285
[][][]
 []


Underfull \hbox (badness 10000) detected at line 298
[][][]
 []

[36]
Underfull \hbox (badness 10000) detected at line 311
[][][]
 []


Underfull \hbox (badness 10000) detected at line 331
[][][]
 []

[37]
Underfull \hbox (badness 10000) detected at line 351
[][][]
 []

) (./classSearch.tex <./classSearch.pdf>
<classSearch.pdf, id=2502, 501.875pt x 658.19902pt>
File: classSearch.pdf Graphic file (type pdf)
<use classSearch.pdf>
Package pdftex.def Info: classSearch.pdf  used on input line 15.
(pdftex.def)             Requested size: 43.39014pt x 56.9055pt.
 [38]
Underfull \hbox (badness 10000) detected at line 71
[][][]
 []


Underfull \hbox (badness 10000) detected at line 89
[][][]
 []

) (./classtinyxml2_1_1StrPair.tex
Underfull \hbox (badness 1259) in paragraph at lines 6--20
\T1/phv/b/n/10 TEXT[]_[][]ELEMENT[]_[][]LEAVE[]_[][]ENTITIES \T1/phv/m/n/10 = NEEDS[]_[][]NEWLINE[]_[][]NORMALIZATION , \T1/phv/b/n/10 ATTRIBUTE[]_[][]NAME \T1/phv/m/n/10 =
 []


Underfull \hbox (badness 841) in paragraph at lines 6--20
\T1/phv/m/n/10 0 , \T1/phv/b/n/10 ATTRIBUTE[]_[][]VALUE \T1/phv/m/n/10 = NEEDS[]_[][]ENTITY[]_[][]PROCESSING $\OMS/cmsy/m/n/10 j$ \T1/phv/m/n/10 NEEDS[]_[][]NEWLINE[]_[][]NORMALIZATION ,
 []

[39]) (./classWorld.tex [40] [41]
Underfull \hbox (badness 10000) detected at line 112
[][][]
 []


Underfull \hbox (badness 10000) detected at line 125
[][][]
 []

[42]
Underfull \hbox (badness 10000) detected at line 138
[][][]
 []


Underfull \hbox (badness 10000) detected at line 151
[][][]
 []

[43]
Underfull \hbox (badness 10000) detected at line 199
[][][]
 []

[44]
Underfull \hbox (badness 10000) detected at line 247
[][][]
 []


Underfull \hbox (badness 10000) detected at line 265
[][][]
 []


Underfull \hbox (badness 10000) detected at line 283
[][][]
 []

[45]) (./classtinyxml2_1_1XMLAttribute.tex [46] [47]
Underfull \hbox (badness 10000) detected at line 97
[][][]
 []

) (./classtinyxml2_1_1XMLComment.tex <./classtinyxml2_1_1XMLComment.pdf>
<classtinyxml2_1_1XMLComment.pdf, id=2740, 501.875pt x 269.46672pt>
File: classtinyxml2_1_1XMLComment.pdf Graphic file (type pdf)
<use classtinyxml2_1_1XMLComment.pdf>
Package pdftex.def Info: classtinyxml2_1_1XMLComment.pdf  used on input line 10.
(pdftex.def)             Requested size: 105.97887pt x 56.9055pt.
 [48] [49]) (./classtinyxml2_1_1XMLConstHandle.tex [50]) (./classtinyxml2_1_1XMLDeclaration.tex <./classtinyxml2_1_1XMLDeclaration.pdf>
<classtinyxml2_1_1XMLDeclaration.pdf, id=2830, 501.875pt x 246.32025pt>
File: classtinyxml2_1_1XMLDeclaration.pdf Graphic file (type pdf)
<use classtinyxml2_1_1XMLDeclaration.pdf>
Package pdftex.def Info: classtinyxml2_1_1XMLDeclaration.pdf  used on input line 10.
(pdftex.def)             Requested size: 115.9419pt x 56.9055pt.
 [51] [52] [53]
Underfull \hbox (badness 10000) in paragraph at lines 133--134
\T1/pcr/m/n/8 virtual const [] $\OMS/cmsy/m/n/8 ^^C$ \T1/pcr/m/n/8 tinyxml2[]::[]XMLDeclaration[]::[]To[]Declaration ( ) const [inline],
 []

) (./classtinyxml2_1_1XMLDocument.tex <./classtinyxml2_1_1XMLDocument.pdf>
<classtinyxml2_1_1XMLDocument.pdf, id=2914, 501.875pt x 260.71402pt>
File: classtinyxml2_1_1XMLDocument.pdf Graphic file (type pdf)
<use classtinyxml2_1_1XMLDocument.pdf>
Package pdftex.def Info: classtinyxml2_1_1XMLDocument.pdf  used on input line 10.
(pdftex.def)             Requested size: 109.53983pt x 56.9055pt.
 [54] [55] [56] [57] [58] [59]) (./classtinyxml2_1_1XMLElement.tex <./classtinyxml2_1_1XMLElement.pdf>
<classtinyxml2_1_1XMLElement.pdf, id=3065, 501.875pt x 282.74634pt>
File: classtinyxml2_1_1XMLElement.pdf Graphic file (type pdf)
<use classtinyxml2_1_1XMLElement.pdf>
Package pdftex.def Info: classtinyxml2_1_1XMLElement.pdf  used on input line 10.
(pdftex.def)             Requested size: 101.00117pt x 56.9055pt.
 [60] [61] [62] [63] [64] [65] [66]
Underfull \hbox (badness 10000) detected at line 391
[][][]
 []

[67]) (./classtinyxml2_1_1XMLHandle.tex [68] [69]
Overfull \hbox (192.7563pt too wide) in paragraph at lines 96--96
[]\T1/pcr/m/n/8 XMLElement* child2 = docHandle.FirstChildElement( "Document" ).FirstChildElement( "Element" ).FirstChildElement().NextSiblingElement();[] 
 []

) (./classtinyxml2_1_1XMLNode.tex <./classtinyxml2_1_1XMLNode.pdf>
<classtinyxml2_1_1XMLNode.pdf, id=3351, 501.875pt x 41.05338pt>
File: classtinyxml2_1_1XMLNode.pdf Graphic file (type pdf)
<use classtinyxml2_1_1XMLNode.pdf>
Package pdftex.def Info: classtinyxml2_1_1XMLNode.pdf  used on input line 10.
(pdftex.def)             Requested size: 398.3531pt x 32.58372pt.
 [70] [71] [72] [73] [74]
Underfull \hbox (badness 10000) detected at line 305
[][][]
 []

[75] [76]) (./classtinyxml2_1_1XMLPrinter.tex <./classtinyxml2_1_1XMLPrinter.pdf>
<classtinyxml2_1_1XMLPrinter.pdf, id=3595, 501.875pt x 295.22295pt>
File: classtinyxml2_1_1XMLPrinter.pdf Graphic file (type pdf)
<use classtinyxml2_1_1XMLPrinter.pdf>
Package pdftex.def Info: classtinyxml2_1_1XMLPrinter.pdf  used on input line 10.
(pdftex.def)             Requested size: 96.73567pt x 56.9055pt.
 [77] [78] [79] [80] [81] [82]) (./classtinyxml2_1_1XMLText.tex <./classtinyxml2_1_1XMLText.pdf>
<classtinyxml2_1_1XMLText.pdf, id=3735, 501.875pt x 313.67188pt>
File: classtinyxml2_1_1XMLText.pdf Graphic file (type pdf)
<use classtinyxml2_1_1XMLText.pdf>
Package pdftex.def Info: classtinyxml2_1_1XMLText.pdf  used on input line 10.
(pdftex.def)             Requested size: 91.04579pt x 56.9055pt.
 [83] [84]) (./classtinyxml2_1_1XMLUnknown.tex <./classtinyxml2_1_1XMLUnknown.pdf>
<classtinyxml2_1_1XMLUnknown.pdf, id=3796, 501.875pt x 269.46672pt>
File: classtinyxml2_1_1XMLUnknown.pdf Graphic file (type pdf)
<use classtinyxml2_1_1XMLUnknown.pdf>
Package pdftex.def Info: classtinyxml2_1_1XMLUnknown.pdf  used on input line 10.
(pdftex.def)             Requested size: 105.97887pt x 56.9055pt.
 [85] [86] [87]) (./classtinyxml2_1_1XMLUtil.tex [88]) (./classtinyxml2_1_1XMLVisitor.tex <./classtinyxml2_1_1XMLVisitor.pdf>
<classtinyxml2_1_1XMLVisitor.pdf, id=3875, 501.875pt x 295.22295pt>
File: classtinyxml2_1_1XMLVisitor.pdf Graphic file (type pdf)
<use classtinyxml2_1_1XMLVisitor.pdf>
Package pdftex.def Info: classtinyxml2_1_1XMLVisitor.pdf  used on input line 10.
(pdftex.def)             Requested size: 96.73567pt x 56.9055pt.
 [89]
Underfull \hbox (badness 10000) detected at line 45
[][][]
 []

[90]) [91] [92]
Chapter 6.
(./engine_8cpp.tex
Underfull \hbox (badness 10000) in paragraph at lines 8--9

 []


Underfull \hbox (badness 10000) detected at line 14
[][][]
 []


Underfull \hbox (badness 10000) detected at line 17
[][][]
 []


Underfull \hbox (badness 10000) detected at line 20
[][][]
 []


Underfull \hbox (badness 10000) detected at line 23
[][][]
 []

) (./engine_8hpp.tex
Underfull \hbox (badness 10000) in paragraph at lines 8--14

 []

[93

]
Underfull \hbox (badness 10000) detected at line 81
[][][]
 []


Underfull \hbox (badness 10000) detected at line 84
[][][]
 []


Underfull \hbox (badness 10000) detected at line 87
[][][]
 []


Underfull \hbox (badness 10000) detected at line 90
[][][]
 []

[94]) (./engine_8hpp_source.tex [95] [96] [97]) (./interface_8cpp.tex
Underfull \hbox (badness 10000) in paragraph at lines 8--10

 []


Underfull \hbox (badness 10000) detected at line 15
[][][]
 []


Underfull \hbox (badness 10000) detected at line 18
[][][]
 []


Underfull \hbox (badness 10000) detected at line 21
[][][]
 []


Underfull \hbox (badness 10000) detected at line 24
[][][]
 []

) (./interface_8hpp.tex [98]
Underfull \hbox (badness 10000) detected at line 34
[][][]
 []


Underfull \hbox (badness 10000) detected at line 37
[][][]
 []


Underfull \hbox (badness 10000) detected at line 40
[][][]
 []


Underfull \hbox (badness 10000) detected at line 43
[][][]
 []

) (./interface_8hpp_source.tex [99]) (./main_8cpp.tex
Underfull \hbox (badness 10000) in paragraph at lines 8--10

 []

[100]
Underfull \hbox (badness 10000) detected at line 21
[][][]
 []


Underfull \hbox (badness 10000) detected at line 24
[][][]
 []


Underfull \hbox (badness 10000) detected at line 27
[][][]
 []


Underfull \hbox (badness 10000) detected at line 30
[][][]
 []

) (./tinyxml2_8h_source.tex [101] [102] [103] [104] [105] [106] [107] [108] [109] [110] [111] [112] [113] [114] [115] [116] [117] [118] [119]) [120] (./refman.ind [121



] [122] [123] [124] [125

]) (./refman.aux)
Package rerunfilecheck Info: File `refman.out' has not changed.
(rerunfilecheck)             Checksum: D781380EFF442E97A908BFBAD292AFE7;65675.
 ) 
Here is how much of TeX's memory you used:
 20208 strings out of 475071
 372191 string characters out of 5778915
 756188 words of memory out of 5000000
 40043 multiletter control sequences out of 15000+600000
 532874 words of font info for 109 fonts, out of 8000000 for 9000
 1141 hyphenation exceptions out of 8191
 99i,16n,117p,817b,740s stack positions out of 10000i,1000n,20000p,200000b,200000s
{/usr/local/texlive/2022/texmf-dist/fonts/enc/dvips/base/8r.enc}</usr/local/texlive/2022/texmf-dist/fonts/type1/public/amsfonts/cm/cmmi10.pfb></usr/local/texlive/2022/texmf-dist/fonts/type1/public/amsfonts/cm/cmmi12.pfb></usr/local/texlive/2022/texmf-dist/fonts/type1/public/amsfonts/cm/cmmi7.pfb></usr/local/texlive/2022/texmf-dist/fonts/type1/public/amsfonts/cm/cmmi8.pfb></usr/local/texlive/2022/texmf-dist/fonts/type1/public/amsfonts/cm/cmsy10.pfb></usr/local/texlive/2022/texmf-dist/fonts/type1/public/amsfonts/cm/cmsy7.pfb></usr/local/texlive/2022/texmf-dist/fonts/type1/public/amsfonts/cm/cmsy8.pfb></usr/local/texlive/2022/texmf-dist/fonts/type1/urw/courier/ucrb8a.pfb></usr/local/texlive/2022/texmf-dist/fonts/type1/urw/courier/ucrr8a.pfb></usr/local/texlive/2022/texmf-dist/fonts/type1/urw/courier/ucrro8a.pfb></usr/local/texlive/2022/texmf-dist/fonts/type1/urw/helvetic/uhvb8a.pfb></usr/local/texlive/2022/texmf-dist/fonts/type1/urw/helvetic/uhvb8ac.pfb></usr/local/texlive/2022/texmf-dist/fonts/type1/urw/helvetic/uhvr8a.pfb></usr/local/texlive/2022/texmf-dist/fonts/type1/urw/helvetic/uhvro8a.pfb>
Output written on refman.pdf (135 pages, 546069 bytes).
PDF statistics:
 5355 PDF objects out of 6186 (max. 8388607)
 5051 compressed objects within 51 object streams
 1143 named destinations out of 1200 (max. 500000)
 2647 words of extra memory for PDF output out of 10000 (max. 10000000)

